<?xml version="1.0" encoding="UTF-8"?>
<coverage generated="1774199355254" clover="3.2.0">
  <project timestamp="1774199355254" name="All files">
    <metrics statements="28" coveredstatements="27" conditionals="32" coveredconditionals="27" methods="4" coveredmethods="4" elements="64" coveredelements="58" complexity="0" loc="28" ncloc="28" packages="1" files="1" classes="1"/>
    <file name="utils.ts" path="/Users/gyuri/develop/food-safety-alert2/src/lib/utils.ts">
      <metrics statements="28" coveredstatements="27" conditionals="32" coveredconditionals="27" methods="4" coveredmethods="4"/>
      <line num="2" count="5" type="cond" truecount="4" falsecount="0"/>
      <line num="4" count="1" type="stmt"/>
      <line num="5" count="1" type="stmt"/>
      <line num="6" count="1" type="stmt"/>
      <line num="7" count="1" type="stmt"/>
      <line num="9" count="1" type="cond" truecount="1" falsecount="1"/>
      <line num="11" count="1" type="stmt"/>
      <line num="19" count="10" type="cond" truecount="2" falsecount="0"/>
      <line num="20" count="10" type="cond" truecount="2" falsecount="0"/>
      <line num="22" count="6" type="stmt"/>
      <line num="23" count="6" type="stmt"/>
      <line num="24" count="6" type="stmt"/>
      <line num="25" count="6" type="stmt"/>
      <line num="27" count="6" type="cond" truecount="2" falsecount="0"/>
      <line num="31" count="10" type="cond" truecount="2" falsecount="0"/>
      <line num="32" count="2" type="cond" truecount="2" falsecount="0"/>
      <line num="35" count="4" type="cond" truecount="2" falsecount="0"/>
      <line num="36" count="1" type="stmt"/>
      <line num="39" count="3" type="cond" truecount="1" falsecount="1"/>
      <line num="40" count="0" type="cond" truecount="0" falsecount="2"/>
      <line num="43" count="3" type="stmt"/>
      <line num="44" count="3" type="cond" truecount="1" falsecount="1"/>
      <line num="53" count="30" type="stmt"/>
      <line num="54" count="10" type="stmt"/>
      <line num="56" count="10" type="cond" truecount="4" falsecount="0"/>
      <line num="57" count="8" type="cond" truecount="2" falsecount="0"/>
      <line num="58" count="3" type="cond" truecount="2" falsecount="0"/>
      <line num="60" count="1" type="stmt"/>
    </file>
  </project>
</coverage>
