{"/Users/gyuri/develop/food-safety-alert2/src/lib/utils.ts": {"path":"/Users/gyuri/develop/food-safety-alert2/src/lib/utils.ts","statementMap":{"0":{"start":{"line":2,"column":2},"end":{"line":2,"column":null}},"1":{"start":{"line":2,"column":40},"end":{"line":2,"column":null}},"2":{"start":{"line":4,"column":15},"end":{"line":4,"column":null}},"3":{"start":{"line":5,"column":16},"end":{"line":5,"column":null}},"4":{"start":{"line":6,"column":14},"end":{"line":6,"column":null}},"5":{"start":{"line":7,"column":15},"end":{"line":7,"column":null}},"6":{"start":{"line":9,"column":2},"end":{"line":9,"column":null}},"7":{"start":{"line":9,"column":36},"end":{"line":9,"column":null}},"8":{"start":{"line":11,"column":2},"end":{"line":15,"column":null}},"9":{"start":{"line":19,"column":21},"end":{"line":19,"column":null}},"10":{"start":{"line":20,"column":2},"end":{"line":20,"column":null}},"11":{"start":{"line":20,"column":19},"end":{"line":20,"column":null}},"12":{"start":{"line":22,"column":28},"end":{"line":22,"column":null}},"13":{"start":{"line":23,"column":25},"end":{"line":23,"column":null}},"14":{"start":{"line":24,"column":26},"end":{"line":24,"column":null}},"15":{"start":{"line":25,"column":41},"end":{"line":25,"column":null}},"16":{"start":{"line":27,"column":4},"end":{"line":29,"column":null}},"17":{"start":{"line":31,"column":2},"end":{"line":33,"column":null}},"18":{"start":{"line":32,"column":4},"end":{"line":32,"column":null}},"19":{"start":{"line":35,"column":2},"end":{"line":37,"column":null}},"20":{"start":{"line":36,"column":4},"end":{"line":36,"column":null}},"21":{"start":{"line":39,"column":2},"end":{"line":41,"column":null}},"22":{"start":{"line":40,"column":4},"end":{"line":40,"column":null}},"23":{"start":{"line":43,"column":20},"end":{"line":43,"column":null}},"24":{"start":{"line":44,"column":2},"end":{"line":44,"column":null}},"25":{"start":{"line":53,"column":21},"end":{"line":53,"column":null}},"26":{"start":{"line":53,"column":59},"end":{"line":53,"column":72}},"27":{"start":{"line":54,"column":23},"end":{"line":54,"column":null}},"28":{"start":{"line":56,"column":2},"end":{"line":56,"column":null}},"29":{"start":{"line":56,"column":34},"end":{"line":56,"column":null}},"30":{"start":{"line":57,"column":2},"end":{"line":57,"column":null}},"31":{"start":{"line":57,"column":18},"end":{"line":57,"column":null}},"32":{"start":{"line":58,"column":2},"end":{"line":58,"column":null}},"33":{"start":{"line":58,"column":20},"end":{"line":58,"column":null}},"34":{"start":{"line":60,"column":2},"end":{"line":60,"column":null}}},"fnMap":{"0":{"name":"formatDate","decl":{"start":{"line":1,"column":16},"end":{"line":1,"column":27}},"loc":{"start":{"line":1,"column":52},"end":{"line":16,"column":null}},"line":1},"1":{"name":"extractProductName","decl":{"start":{"line":18,"column":16},"end":{"line":18,"column":35}},"loc":{"start":{"line":18,"column":71},"end":{"line":45,"column":null}},"line":18},"2":{"name":"formatLocation","decl":{"start":{"line":47,"column":16},"end":{"line":47,"column":null}},"loc":{"start":{"line":52,"column":10},"end":{"line":61,"column":null}},"line":52},"3":{"name":"(anonymous_3)","decl":{"start":{"line":53,"column":48},"end":{"line":53,"column":49}},"loc":{"start":{"line":53,"column":59},"end":{"line":53,"column":72}},"line":53}},"branchMap":{"0":{"loc":{"start":{"line":2,"column":2},"end":{"line":2,"column":null}},"type":"if","locations":[{"start":{"line":2,"column":2},"end":{"line":2,"column":null}},{"start":{},"end":{}}],"line":2},"1":{"loc":{"start":{"line":2,"column":6},"end":{"line":2,"column":40}},"type":"binary-expr","locations":[{"start":{"line":2,"column":6},"end":{"line":2,"column":18}},{"start":{"line":2,"column":18},"end":{"line":2,"column":40}}],"line":2},"2":{"loc":{"start":{"line":9,"column":2},"end":{"line":9,"column":null}},"type":"if","locations":[{"start":{"line":9,"column":2},"end":{"line":9,"column":null}},{"start":{},"end":{}}],"line":9},"3":{"loc":{"start":{"line":19,"column":21},"end":{"line":19,"column":null}},"type":"binary-expr","locations":[{"start":{"line":19,"column":21},"end":{"line":19,"column":51}},{"start":{"line":19,"column":51},"end":{"line":19,"column":null}}],"line":19},"4":{"loc":{"start":{"line":20,"column":2},"end":{"line":20,"column":null}},"type":"if","locations":[{"start":{"line":20,"column":2},"end":{"line":20,"column":null}},{"start":{},"end":{}}],"line":20},"5":{"loc":{"start":{"line":27,"column":4},"end":{"line":29,"column":null}},"type":"cond-expr","locations":[{"start":{"line":28,"column":8},"end":{"line":28,"column":null}},{"start":{"line":29,"column":8},"end":{"line":29,"column":null}}],"line":27},"6":{"loc":{"start":{"line":31,"column":2},"end":{"line":33,"column":null}},"type":"if","locations":[{"start":{"line":31,"column":2},"end":{"line":33,"column":null}},{"start":{},"end":{}}],"line":31},"7":{"loc":{"start":{"line":32,"column":11},"end":{"line":32,"column":null}},"type":"cond-expr","locations":[{"start":{"line":32,"column":36},"end":{"line":32,"column":77}},{"start":{"line":32,"column":77},"end":{"line":32,"column":null}}],"line":32},"8":{"loc":{"start":{"line":35,"column":2},"end":{"line":37,"column":null}},"type":"if","locations":[{"start":{"line":35,"column":2},"end":{"line":37,"column":null}},{"start":{},"end":{}}],"line":35},"9":{"loc":{"start":{"line":39,"column":2},"end":{"line":41,"column":null}},"type":"if","locations":[{"start":{"line":39,"column":2},"end":{"line":41,"column":null}},{"start":{},"end":{}}],"line":39},"10":{"loc":{"start":{"line":40,"column":11},"end":{"line":40,"column":null}},"type":"cond-expr","locations":[{"start":{"line":40,"column":36},"end":{"line":40,"column":77}},{"start":{"line":40,"column":77},"end":{"line":40,"column":null}}],"line":40},"11":{"loc":{"start":{"line":44,"column":9},"end":{"line":44,"column":null}},"type":"binary-expr","locations":[{"start":{"line":44,"column":9},"end":{"line":44,"column":22}},{"start":{"line":44,"column":22},"end":{"line":44,"column":null}}],"line":44},"12":{"loc":{"start":{"line":56,"column":2},"end":{"line":56,"column":null}},"type":"if","locations":[{"start":{"line":56,"column":2},"end":{"line":56,"column":null}},{"start":{},"end":{}}],"line":56},"13":{"loc":{"start":{"line":56,"column":6},"end":{"line":56,"column":34}},"type":"binary-expr","locations":[{"start":{"line":56,"column":6},"end":{"line":56,"column":20}},{"start":{"line":56,"column":20},"end":{"line":56,"column":34}}],"line":56},"14":{"loc":{"start":{"line":57,"column":2},"end":{"line":57,"column":null}},"type":"if","locations":[{"start":{"line":57,"column":2},"end":{"line":57,"column":null}},{"start":{},"end":{}}],"line":57},"15":{"loc":{"start":{"line":58,"column":2},"end":{"line":58,"column":null}},"type":"if","locations":[{"start":{"line":58,"column":2},"end":{"line":58,"column":null}},{"start":{},"end":{}}],"line":58}},"s":{"0":5,"1":4,"2":1,"3":1,"4":1,"5":1,"6":1,"7":0,"8":1,"9":10,"10":10,"11":4,"12":6,"13":6,"14":6,"15":6,"16":6,"17":10,"18":2,"19":4,"20":1,"21":3,"22":0,"23":3,"24":3,"25":10,"26":30,"27":10,"28":10,"29":2,"30":8,"31":5,"32":3,"33":2,"34":1},"f":{"0":5,"1":10,"2":10,"3":30},"b":{"0":[4,1],"1":[5,4],"2":[0,1],"3":[10,2],"4":[4,6],"5":[2,4],"6":[2,8],"7":[1,1],"8":[1,3],"9":[0,3],"10":[0,0],"11":[3,0],"12":[2,8],"13":[10,7],"14":[5,3],"15":[2,1]},"meta":{"lastBranch":16,"lastFunction":4,"lastStatement":35,"seen":{"f:1:16:1:27":0,"b:2:2:2:Infinity:undefined:undefined:undefined:undefined":0,"s:2:2:2:Infinity":0,"b:2:6:2:18:2:18:2:40":1,"s:2:40:2:Infinity":1,"s:4:15:4:Infinity":2,"s:5:16:5:Infinity":3,"s:6:14:6:Infinity":4,"s:7:15:7:Infinity":5,"b:9:2:9:Infinity:undefined:undefined:undefined:undefined":2,"s:9:2:9:Infinity":6,"s:9:36:9:Infinity":7,"s:11:2:15:Infinity":8,"f:18:16:18:35":1,"s:19:21:19:Infinity":9,"b:19:21:19:51:19:51:19:Infinity":3,"b:20:2:20:Infinity:undefined:undefined:undefined:undefined":4,"s:20:2:20:Infinity":10,"s:20:19:20:Infinity":11,"s:22:28:22:Infinity":12,"s:23:25:23:Infinity":13,"s:24:26:24:Infinity":14,"s:25:41:25:Infinity":15,"s:27:4:29:Infinity":16,"b:28:8:28:Infinity:29:8:29:Infinity":5,"b:31:2:33:Infinity:undefined:undefined:undefined:undefined":6,"s:31:2:33:Infinity":17,"s:32:4:32:Infinity":18,"b:32:36:32:77:32:77:32:Infinity":7,"b:35:2:37:Infinity:undefined:undefined:undefined:undefined":8,"s:35:2:37:Infinity":19,"s:36:4:36:Infinity":20,"b:39:2:41:Infinity:undefined:undefined:undefined:undefined":9,"s:39:2:41:Infinity":21,"s:40:4:40:Infinity":22,"b:40:36:40:77:40:77:40:Infinity":10,"s:43:20:43:Infinity":23,"s:44:2:44:Infinity":24,"b:44:9:44:22:44:22:44:Infinity":11,"f:47:16:47:Infinity":2,"s:53:21:53:Infinity":25,"f:53:48:53:49":3,"s:53:59:53:72":26,"s:54:23:54:Infinity":27,"b:56:2:56:Infinity:undefined:undefined:undefined:undefined":12,"s:56:2:56:Infinity":28,"b:56:6:56:20:56:20:56:34":13,"s:56:34:56:Infinity":29,"b:57:2:57:Infinity:undefined:undefined:undefined:undefined":14,"s:57:2:57:Infinity":30,"s:57:18:57:Infinity":31,"b:58:2:58:Infinity:undefined:undefined:undefined:undefined":15,"s:58:2:58:Infinity":32,"s:58:20:58:Infinity":33,"s:60:2:60:Infinity":34}}}
}
